<?xml version="1.0" encoding="UTF-8"?>
<!-- Generated by org.testng.reporters.JUnitReportReporter -->
<testsuite skipped="0" hostname="Alice" name="com.qa.tests.web.CheckRatePageTest" tests="3" failures="0" timestamp="06 Aug 2019 10:12:44 GMT" time="1.245" errors="0">
  <testcase name="verifyCheckRate" time="0.254" classname="com.qa.tests.web.CheckRatePageTest"/>
  <testcase name="verifyCheckRateTitleTest" time="0.013" classname="com.qa.tests.web.CheckRatePageTest"/>
  <testcase name="EnterLoanDetails" time="0.978" classname="com.qa.tests.web.CheckRatePageTest"/>
</testsuite> <!-- com.qa.tests.web.CheckRatePageTest -->
