<?xml version="1.0" encoding="UTF-8"?>
<!-- Generated by org.testng.reporters.JUnitReportReporter -->
<testsuite skipped="0" hostname="Alice" name="com.qa.tests.api.APITest" tests="5" failures="0" timestamp="06 Aug 2019 10:12:44 GMT" time="6.657" errors="0">
  <testcase name="testMinAge" time="2.090" classname="com.qa.tests.api.APITest"/>
  <testcase name="testBody" time="3.646" classname="com.qa.tests.api.APITest"/>
  <testcase name="testResponseCode" time="0.254" classname="com.qa.tests.api.APITest"/>
  <testcase name="testTotalStateCount" time="0.294" classname="com.qa.tests.api.APITest"/>
  <testcase name="testMinLoanAmount" time="0.373" classname="com.qa.tests.api.APITest"/>
</testsuite> <!-- com.qa.tests.api.APITest -->
