<?xml version="1.0" encoding="UTF-8"?>
<!-- Generated by org.testng.reporters.JUnitReportReporter -->
<testsuite skipped="0" hostname="Alice" name="com.qa.tests.web.BasicInformationTest" tests="1" failures="0" timestamp="06 Aug 2019 00:26:12 GMT" time="42.066" errors="0">
  <testcase name="launchAppTest" time="42.066" classname="com.qa.tests.web.BasicInformationTest"/>
</testsuite> <!-- com.qa.tests.web.BasicInformationTest -->
