<?xml version="1.0" encoding="UTF-8"?>
<!-- Generated by org.testng.reporters.JUnitReportReporter -->
<testsuite skipped="0" hostname="Alice" name="com.qa.tests.web.BasicInfoPageTest" tests="4" failures="0" timestamp="06 Aug 2019 10:12:44 GMT" time="34.320" errors="0">
  <testcase name="verifydefaultRadioButton" time="0.244" classname="com.qa.tests.web.BasicInfoPageTest"/>
  <testcase name="enterBorrowerInfo" time="6.189" classname="com.qa.tests.web.BasicInfoPageTest"/>
  <testcase name="Signout" time="10.515" classname="com.qa.tests.web.BasicInfoPageTest"/>
  <testcase name="SignIn" time="17.372" classname="com.qa.tests.web.BasicInfoPageTest"/>
</testsuite> <!-- com.qa.tests.web.BasicInfoPageTest -->
